[2026-04-05 08:55:45] ERROR: Permission denied while moving to Trash: C:\Users\Tripad\AppData\Local\Temp\063a6bcc-f312-4556-b44f-3c703b34ecc0.tmp
[2026-04-05 08:55:45] ERROR: Permission denied while moving to Trash: C:\Users\Tripad\AppData\Local\Temp\0cebbafc-99d5-4aa5-afb4-fe1cd73171dd.tmp
[2026-04-05 08:55:45] ERROR: Permission denied while moving to Trash: C:\Users\Tripad\AppData\Local\Temp\0ea36013-1be9-4312-b7e8-9de55eb5b9ca.tmp
[2026-04-05 08:55:45] ERROR: Permission denied while moving to Trash: C:\Users\Tripad\AppData\Local\Temp\32d4025c-2106-4c37-92e8-bf6f4f20ed37.tmp
[2026-04-05 08:55:45] ERROR: Permission denied while moving to Trash: C:\Users\Tripad\AppData\Local\Temp\86c76ccf-f7a9-4dfe-aa6d-d4c821443348.tmp
[2026-04-05 08:55:45] ERROR: Permission denied while moving to Trash: C:\Users\Tripad\AppData\Local\Temp\9186337e-dafa-47f1-af6d-a0ad44236507.tmp
[2026-04-05 08:55:45] ERROR: Permission denied while moving to Trash: C:\Users\Tripad\AppData\Local\Temp\cdac7f06-6940-4852-8e80-4ea1a928020c.tmp
[2026-04-05 08:55:45] Moved file to Trash: C:\Users\Tripad\AppData\Local\Temp\LAPTOP-485CKP2G-20260328-2215.log -> C:\Users\Tripad\OneDrive\Desktop\OS CBP\junk_file_remover\Trash\LAPTOP-485CKP2G-20260328-2215.log
[2026-04-05 08:55:45] Moved file to Trash: C:\Users\Tripad\AppData\Local\Temp\LAPTOP-485CKP2G-20260328-2237.log -> C:\Users\Tripad\OneDrive\Desktop\OS CBP\junk_file_remover\Trash\LAPTOP-485CKP2G-20260328-2237.log
[2026-04-05 08:55:45] Moved file to Trash: C:\Users\Tripad\AppData\Local\Temp\LAPTOP-485CKP2G-20260328-2245.log -> C:\Users\Tripad\OneDrive\Desktop\OS CBP\junk_file_remover\Trash\LAPTOP-485CKP2G-20260328-2245.log
[2026-04-05 08:55:45] Moved file to Trash: C:\Users\Tripad\AppData\Local\Temp\LAPTOP-485CKP2G-20260328-2347.log -> C:\Users\Tripad\OneDrive\Desktop\OS CBP\junk_file_remover\Trash\LAPTOP-485CKP2G-20260328-2347.log
[2026-04-05 08:55:45] Moved file to Trash: C:\Users\Tripad\AppData\Local\Temp\LAPTOP-485CKP2G-20260329-0000.log -> C:\Users\Tripad\OneDrive\Desktop\OS CBP\junk_file_remover\Trash\LAPTOP-485CKP2G-20260329-0000.log
[2026-04-05 08:55:45] Moved file to Trash: C:\Users\Tripad\AppData\Local\Temp\LAPTOP-485CKP2G-20260329-0810.log -> C:\Users\Tripad\OneDrive\Desktop\OS CBP\junk_file_remover\Trash\LAPTOP-485CKP2G-20260329-0810.log
[2026-04-05 08:55:45] Moved file to Trash: C:\Users\Tripad\AppData\Local\Temp\mat-debug-13496.log -> C:\Users\Tripad\OneDrive\Desktop\OS CBP\junk_file_remover\Trash\mat-debug-13496.log
[2026-04-05 08:55:45] Moved file to Trash: C:\Users\Tripad\AppData\Local\Temp\mat-debug-19316.log -> C:\Users\Tripad\OneDrive\Desktop\OS CBP\junk_file_remover\Trash\mat-debug-19316.log
[2026-04-05 08:55:45] Moved file to Trash: C:\Users\Tripad\AppData\Local\Temp\mat-debug-20724.log -> C:\Users\Tripad\OneDrive\Desktop\OS CBP\junk_file_remover\Trash\mat-debug-20724.log
[2026-04-05 08:55:45] Moved file to Trash: C:\Users\Tripad\AppData\Local\Temp\mat-debug-23108.log -> C:\Users\Tripad\OneDrive\Desktop\OS CBP\junk_file_remover\Trash\mat-debug-23108.log
[2026-04-05 08:55:45] Moved file to Trash: C:\Users\Tripad\AppData\Local\Temp\mat-debug-24044.log -> C:\Users\Tripad\OneDrive\Desktop\OS CBP\junk_file_remover\Trash\mat-debug-24044.log
[2026-04-05 08:55:45] ERROR: Permission denied while moving to Trash: C:\Users\Tripad\AppData\Local\Temp\mat-debug-27408.log
[2026-04-05 08:55:45] Moved file to Trash: C:\Users\Tripad\AppData\Local\Temp\mat-debug-29228.log -> C:\Users\Tripad\OneDrive\Desktop\OS CBP\junk_file_remover\Trash\mat-debug-29228.log
[2026-04-05 08:55:45] Moved file to Trash: C:\Users\Tripad\AppData\Local\Temp\mat-debug-30816.log -> C:\Users\Tripad\OneDrive\Desktop\OS CBP\junk_file_remover\Trash\mat-debug-30816.log
[2026-04-05 08:55:45] Moved file to Trash: C:\Users\Tripad\AppData\Local\Temp\mat-debug-31972.log -> C:\Users\Tripad\OneDrive\Desktop\OS CBP\junk_file_remover\Trash\mat-debug-31972.log
[2026-04-05 08:55:45] Moved file to Trash: C:\Users\Tripad\AppData\Local\Temp\mat-debug-33564.log -> C:\Users\Tripad\OneDrive\Desktop\OS CBP\junk_file_remover\Trash\mat-debug-33564.log
[2026-04-05 08:55:45] Moved file to Trash: C:\Users\Tripad\AppData\Local\Temp\mat-debug-34464.log -> C:\Users\Tripad\OneDrive\Desktop\OS CBP\junk_file_remover\Trash\mat-debug-34464.log
[2026-04-05 09:00:57] ERROR: Permission denied while moving to Trash: C:\Users\Tripad\AppData\Local\Temp\063a6bcc-f312-4556-b44f-3c703b34ecc0.tmp
[2026-04-05 09:00:57] ERROR: Permission denied while moving to Trash: C:\Users\Tripad\AppData\Local\Temp\0cebbafc-99d5-4aa5-afb4-fe1cd73171dd.tmp
[2026-04-05 09:00:57] ERROR: Permission denied while moving to Trash: C:\Users\Tripad\AppData\Local\Temp\0ea36013-1be9-4312-b7e8-9de55eb5b9ca.tmp
[2026-04-05 09:00:57] ERROR: Permission denied while moving to Trash: C:\Users\Tripad\AppData\Local\Temp\32d4025c-2106-4c37-92e8-bf6f4f20ed37.tmp
[2026-04-05 09:00:57] ERROR: Permission denied while moving to Trash: C:\Users\Tripad\AppData\Local\Temp\86c76ccf-f7a9-4dfe-aa6d-d4c821443348.tmp
[2026-04-05 09:00:57] ERROR: Permission denied while moving to Trash: C:\Users\Tripad\AppData\Local\Temp\9186337e-dafa-47f1-af6d-a0ad44236507.tmp
[2026-04-05 09:00:57] ERROR: Permission denied while moving to Trash: C:\Users\Tripad\AppData\Local\Temp\cdac7f06-6940-4852-8e80-4ea1a928020c.tmp
[2026-04-05 09:00:57] ERROR: Permission denied while moving to Trash: C:\Users\Tripad\AppData\Local\Temp\mat-debug-27408.log
[2026-04-05 09:00:57] Moved file to Trash: C:\Users\Tripad\AppData\Local\Temp\mat-debug-40004.log -> C:\Users\Tripad\OneDrive\Desktop\OS CBP\junk_file_remover\Trash\mat-debug-40004.log
[2026-04-05 09:00:57] Moved file to Trash: C:\Users\Tripad\AppData\Local\Temp\mat-debug-41452.log -> C:\Users\Tripad\OneDrive\Desktop\OS CBP\junk_file_remover\Trash\mat-debug-41452.log
[2026-04-05 09:00:57] Moved file to Trash: C:\Users\Tripad\AppData\Local\Temp\mat-debug-42592.log -> C:\Users\Tripad\OneDrive\Desktop\OS CBP\junk_file_remover\Trash\mat-debug-42592.log
[2026-04-05 09:00:57] Moved file to Trash: C:\Users\Tripad\AppData\Local\Temp\mat-debug-43368.log -> C:\Users\Tripad\OneDrive\Desktop\OS CBP\junk_file_remover\Trash\mat-debug-43368.log
[2026-04-05 09:13:35] Background cleaner process started
[2026-04-05 09:13:35] ERROR: Permission denied while moving to Trash: C:\Users\Tripad\AppData\Local\Temp\063a6bcc-f312-4556-b44f-3c703b34ecc0.tmp
[2026-04-05 09:13:35] ERROR: Permission denied while moving to Trash: C:\Users\Tripad\AppData\Local\Temp\0cebbafc-99d5-4aa5-afb4-fe1cd73171dd.tmp
[2026-04-05 09:13:35] ERROR: Permission denied while moving to Trash: C:\Users\Tripad\AppData\Local\Temp\0ea36013-1be9-4312-b7e8-9de55eb5b9ca.tmp
[2026-04-05 09:13:35] ERROR: Permission denied while moving to Trash: C:\Users\Tripad\AppData\Local\Temp\32d4025c-2106-4c37-92e8-bf6f4f20ed37.tmp
[2026-04-05 09:13:35] ERROR: Permission denied while moving to Trash: C:\Users\Tripad\AppData\Local\Temp\86c76ccf-f7a9-4dfe-aa6d-d4c821443348.tmp
[2026-04-05 09:13:35] ERROR: Permission denied while moving to Trash: C:\Users\Tripad\AppData\Local\Temp\9186337e-dafa-47f1-af6d-a0ad44236507.tmp
[2026-04-05 09:13:35] ERROR: Permission denied while moving to Trash: C:\Users\Tripad\AppData\Local\Temp\cdac7f06-6940-4852-8e80-4ea1a928020c.tmp
[2026-04-05 09:13:35] Moved file to Trash: C:\Users\Tripad\AppData\Local\Temp\LAPTOP-485CKP2G-20260329-1509.log -> C:\Users\Tripad\OneDrive\Desktop\OS CBP\junk_file_remover\Trash\LAPTOP-485CKP2G-20260329-1509.log
[2026-04-05 09:13:35] Moved file to Trash: C:\Users\Tripad\AppData\Local\Temp\LAPTOP-485CKP2G-20260329-1550.log -> C:\Users\Tripad\OneDrive\Desktop\OS CBP\junk_file_remover\Trash\LAPTOP-485CKP2G-20260329-1550.log
[2026-04-05 09:13:35] Moved file to Trash: C:\Users\Tripad\AppData\Local\Temp\LAPTOP-485CKP2G-20260330-1910.log -> C:\Users\Tripad\OneDrive\Desktop\OS CBP\junk_file_remover\Trash\LAPTOP-485CKP2G-20260330-1910.log
[2026-04-05 09:13:35] Moved file to Trash: C:\Users\Tripad\AppData\Local\Temp\LAPTOP-485CKP2G-20260330-1910a.log -> C:\Users\Tripad\OneDrive\Desktop\OS CBP\junk_file_remover\Trash\LAPTOP-485CKP2G-20260330-1910a.log
[2026-04-05 09:13:35] Moved file to Trash: C:\Users\Tripad\AppData\Local\Temp\LAPTOP-485CKP2G-20260330-2015.log -> C:\Users\Tripad\OneDrive\Desktop\OS CBP\junk_file_remover\Trash\LAPTOP-485CKP2G-20260330-2015.log
[2026-04-05 09:13:35] Moved file to Trash: C:\Users\Tripad\AppData\Local\Temp\LAPTOP-485CKP2G-20260330-2110.log -> C:\Users\Tripad\OneDrive\Desktop\OS CBP\junk_file_remover\Trash\LAPTOP-485CKP2G-20260330-2110.log
[2026-04-05 09:13:35] Moved file to Trash: C:\Users\Tripad\AppData\Local\Temp\LAPTOP-485CKP2G-20260330-2123.log -> C:\Users\Tripad\OneDrive\Desktop\OS CBP\junk_file_remover\Trash\LAPTOP-485CKP2G-20260330-2123.log
[2026-04-05 09:13:35] Moved file to Trash: C:\Users\Tripad\AppData\Local\Temp\LAPTOP-485CKP2G-20260331-0745.log -> C:\Users\Tripad\OneDrive\Desktop\OS CBP\junk_file_remover\Trash\LAPTOP-485CKP2G-20260331-0745.log
[2026-04-05 09:13:35] Moved file to Trash: C:\Users\Tripad\AppData\Local\Temp\mat-debug-16496.log -> C:\Users\Tripad\OneDrive\Desktop\OS CBP\junk_file_remover\Trash\mat-debug-16496.log
[2026-04-05 09:13:35] Moved file to Trash: C:\Users\Tripad\AppData\Local\Temp\mat-debug-17576.log -> C:\Users\Tripad\OneDrive\Desktop\OS CBP\junk_file_remover\Trash\mat-debug-17576.log
[2026-04-05 09:13:35] Moved file to Trash: C:\Users\Tripad\AppData\Local\Temp\mat-debug-1928.log -> C:\Users\Tripad\OneDrive\Desktop\OS CBP\junk_file_remover\Trash\mat-debug-1928.log
[2026-04-05 09:13:35] Moved file to Trash: C:\Users\Tripad\AppData\Local\Temp\mat-debug-19776.log -> C:\Users\Tripad\OneDrive\Desktop\OS CBP\junk_file_remover\Trash\mat-debug-19776.log
[2026-04-05 09:13:35] Moved file to Trash: C:\Users\Tripad\AppData\Local\Temp\mat-debug-21192.log -> C:\Users\Tripad\OneDrive\Desktop\OS CBP\junk_file_remover\Trash\mat-debug-21192.log
[2026-04-05 09:13:35] Moved file to Trash: C:\Users\Tripad\AppData\Local\Temp\mat-debug-24580.log -> C:\Users\Tripad\OneDrive\Desktop\OS CBP\junk_file_remover\Trash\mat-debug-24580.log
[2026-04-05 09:13:35] Moved file to Trash: C:\Users\Tripad\AppData\Local\Temp\mat-debug-27220.log -> C:\Users\Tripad\OneDrive\Desktop\OS CBP\junk_file_remover\Trash\mat-debug-27220.log
[2026-04-05 09:13:35] ERROR: Permission denied while moving to Trash: C:\Users\Tripad\AppData\Local\Temp\mat-debug-27408.log
[2026-04-05 09:13:35] Moved file to Trash: C:\Users\Tripad\AppData\Local\Temp\mat-debug-31236.log -> C:\Users\Tripad\OneDrive\Desktop\OS CBP\junk_file_remover\Trash\mat-debug-31236.log
[2026-04-05 09:13:35] Moved file to Trash: C:\Users\Tripad\AppData\Local\Temp\mat-debug-35820.log -> C:\Users\Tripad\OneDrive\Desktop\OS CBP\junk_file_remover\Trash\mat-debug-35820.log
[2026-04-05 09:13:35] Moved file to Trash: C:\Users\Tripad\AppData\Local\Temp\mat-debug-36296.log -> C:\Users\Tripad\OneDrive\Desktop\OS CBP\junk_file_remover\Trash\mat-debug-36296.log
[2026-04-05 09:13:35] Moved file to Trash: C:\Users\Tripad\AppData\Local\Temp\mat-debug-37828.log -> C:\Users\Tripad\OneDrive\Desktop\OS CBP\junk_file_remover\Trash\mat-debug-37828.log
[2026-04-05 09:13:35] Moved file to Trash: C:\Users\Tripad\AppData\Local\Temp\mat-debug-44568.log -> C:\Users\Tripad\OneDrive\Desktop\OS CBP\junk_file_remover\Trash\mat-debug-44568.log
[2026-04-05 09:13:35] Cleanup completed: 20 files moved, 1536022 bytes recovered, 0 permission skips
[2026-04-05 09:13:35] Background cleaner process stopped
